# JRE version: Java(TM) SE Runtime Environment (19.0+36) (build 19+36-2238)
# Java VM: Java HotSpot(TM) 64-Bit Server VM (19+36-2238, mixed mode, sharing, tiered, compressed oops, compressed class ptrs, g1 gc, windows-amd64)
GC Precious Log:
 CardTable entry size: 512
 Card Set container configuration: InlinePtr #cards 5 size 8 Array Of Cards #cards 12 size 40 Howl #buckets 4 coarsen threshold 1843 Howl Bitmap #cards 512 size 80 coarsen threshold 460 Card regions per heap region 1 cards per card region 2048
 CPUs: 12 total, 12 available
 Memory: 7863M
 Large Page Support: Disabled
 NUMA Support: Disabled
 Compressed Oops: Enabled (32-bit)
 Heap Region Size: 1M
 Heap Min Capacity: 8M
 Heap Initial Capacity: 124M
 Heap Max Capacity: 2G
 Pre-touch: Disabled
 Parallel Workers: 10
 Concurrent Workers: 3
 Concurrent Refinement Workers: 10
 Periodic GC: Disabled
Heap:
 garbage-first heap   total 380928K, used 219240K [0x0000000080000000, 0x0000000100000000)
  region size 1024K, 3 young (3072K), 3 survivors (3072K)
 Metaspace       used 115700K, committed 118144K, reserved 552960K
  class space    used 15505K, committed 16768K, reserved 421888K
GC Heap History (20 events):
Event: 37.309 GC heap after
{Heap after GC invocations=55 (full 0):
 garbage-first heap   total 273408K, used 179687K [0x0000000080000000, 0x0000000100000000)
  region size 1024K, 6 young (6144K), 6 survivors (6144K)
 Metaspace       used 104687K, committed 106880K, reserved 552960K
  class space    used 14099K, committed 15232K, reserved 421888K
}
Event: 37.720 GC heap before
{Heap before GC invocations=55 (full 0):
 garbage-first heap   total 273408K, used 246247K [0x0000000080000000, 0x0000000100000000)
  region size 1024K, 56 young (57344K), 6 survivors (6144K)
 Metaspace       used 104867K, committed 107136K, reserved 552960K
  class space    used 14115K, committed 15296K, reserved 421888K
}
Event: 37.728 GC heap after
{Heap after GC invocations=56 (full 0):
 garbage-first heap   total 273408K, used 184260K [0x0000000080000000, 0x0000000100000000)
  region size 1024K, 7 young (7168K), 7 survivors (7168K)
 Metaspace       used 104867K, committed 107136K, reserved 552960K
  class space    used 14115K, committed 15296K, reserved 421888K
}
Event: 38.205 GC heap before
{Heap before GC invocations=56 (full 0):
 garbage-first heap   total 273408K, used 230340K [0x0000000080000000, 0x0000000100000000)
  region size 1024K, 53 young (54272K), 7 survivors (7168K)
 Metaspace       used 106518K, committed 108800K, reserved 552960K
  class space    used 14291K, committed 15488K, reserved 421888K
}
Event: 38.212 GC heap after
{Heap after GC invocations=57 (full 0):
 garbage-first heap   total 273408K, used 189229K [0x0000000080000000, 0x0000000100000000)
  region size 1024K, 5 young (5120K), 5 survivors (5120K)
 Metaspace       used 106518K, committed 108800K, reserved 552960K
  class space    used 14291K, committed 15488K, reserved 421888K
}
Event: 39.120 GC heap before
{Heap before GC invocations=57 (full 0):
 garbage-first heap   total 273408K, used 231213K [0x0000000080000000, 0x0000000100000000)
  region size 1024K, 47 young (48128K), 5 survivors (5120K)
 Metaspace       used 109386K, committed 111680K, reserved 552960K
  class space    used 14630K, committed 15808K, reserved 421888K
}
Event: 39.127 GC heap after
{Heap after GC invocations=58 (full 0):
 garbage-first heap   total 273408K, used 195177K [0x0000000080000000, 0x0000000100000000)
  region size 1024K, 6 young (6144K), 6 survivors (6144K)
 Metaspace       used 109386K, committed 111680K, reserved 552960K
  class space    used 14630K, committed 15808K, reserved 421888K
}
Event: 39.741 GC heap before
{Heap before GC invocations=58 (full 0):
 garbage-first heap   total 273408K, used 236137K [0x0000000080000000, 0x0000000100000000)
  region size 1024K, 43 young (44032K), 6 survivors (6144K)
 Metaspace       used 110711K, committed 113088K, reserved 552960K
  class space    used 14815K, committed 16064K, reserved 421888K
}
Event: 39.750 GC heap after
{Heap after GC invocations=59 (full 0):
 garbage-first heap   total 273408K, used 197902K [0x0000000080000000, 0x0000000100000000)
  region size 1024K, 3 young (3072K), 3 survivors (3072K)
 Metaspace       used 110711K, committed 113088K, reserved 552960K
  class space    used 14815K, committed 16064K, reserved 421888K
}
Event: 39.990 GC heap before
{Heap before GC invocations=59 (full 0):
 garbage-first heap   total 273408K, used 237838K [0x0000000080000000, 0x0000000100000000)
  region size 1024K, 39 young (39936K), 3 survivors (3072K)
 Metaspace       used 110929K, committed 113344K, reserved 552960K
  class space    used 14845K, committed 16128K, reserved 421888K
}
Event: 39.997 GC heap after
{Heap after GC invocations=60 (full 0):
 garbage-first heap   total 273408K, used 199371K [0x0000000080000000, 0x0000000100000000)
  region size 1024K, 5 young (5120K), 5 survivors (5120K)
 Metaspace       used 110929K, committed 113344K, reserved 552960K
  class space    used 14845K, committed 16128K, reserved 421888K
}
Event: 40.017 GC heap before
{Heap before GC invocations=60 (full 0):
 garbage-first heap   total 273408K, used 212683K [0x0000000080000000, 0x0000000100000000)
  region size 1024K, 7 young (7168K), 5 survivors (5120K)
 Metaspace       used 110965K, committed 113344K, reserved 552960K
  class space    used 14852K, committed 16128K, reserved 421888K
}
Event: 40.031 GC heap after
{Heap after GC invocations=61 (full 0):
 garbage-first heap   total 273408K, used 212033K [0x0000000080000000, 0x0000000100000000)
  region size 1024K, 3 young (3072K), 3 survivors (3072K)
 Metaspace       used 110965K, committed 113344K, reserved 552960K
  class space    used 14852K, committed 16128K, reserved 421888K
}
Event: 40.190 GC heap before
{Heap before GC invocations=61 (full 0):
 garbage-first heap   total 273408K, used 241729K [0x0000000080000000, 0x0000000100000000)
  region size 1024K, 29 young (29696K), 3 survivors (3072K)
 Metaspace       used 111136K, committed 113472K, reserved 552960K
  class space    used 14880K, committed 16128K, reserved 421888K
}
Event: 40.195 GC heap after
{Heap after GC invocations=62 (full 0):
 garbage-first heap   total 273408K, used 205137K [0x0000000080000000, 0x0000000100000000)
  region size 1024K, 4 young (4096K), 4 survivors (4096K)
 Metaspace       used 111136K, committed 113472K, reserved 552960K
  class space    used 14880K, committed 16128K, reserved 421888K
}
Event: 40.365 GC heap before
{Heap before GC invocations=62 (full 0):
 garbage-first heap   total 380928K, used 235857K [0x0000000080000000, 0x0000000100000000)
  region size 1024K, 35 young (35840K), 4 survivors (4096K)
 Metaspace       used 111185K, committed 113536K, reserved 552960K
  class space    used 14890K, committed 16128K, reserved 421888K
}
Event: 40.372 GC heap after
{Heap after GC invocations=63 (full 0):
 garbage-first heap   total 380928K, used 209112K [0x0000000080000000, 0x0000000100000000)
  region size 1024K, 5 young (5120K), 5 survivors (5120K)
 Metaspace       used 111185K, committed 113536K, reserved 552960K
  class space    used 14890K, committed 16128K, reserved 421888K
}
Event: 41.752 GC heap before
{Heap before GC invocations=64 (full 0):
 garbage-first heap   total 380928K, used 310488K [0x0000000080000000, 0x0000000100000000)
  region size 1024K, 105 young (107520K), 5 survivors (5120K)
 Metaspace       used 115622K, committed 118016K, reserved 552960K
  class space    used 15499K, committed 16768K, reserved 421888K
}
Event: 41.795 GC heap after
{Heap after GC invocations=65 (full 0):
 garbage-first heap   total 380928K, used 231424K [0x0000000080000000, 0x0000000100000000)
  region size 1024K, 14 young (14336K), 14 survivors (14336K)
 Metaspace       used 115622K, committed 118016K, reserved 552960K
  class space    used 15499K, committed 16768K, reserved 421888K
}
Event: 41.812 GC heap before
{Heap before GC invocations=65 (full 0):
 garbage-first heap   total 380928K, used 235520K [0x0000000080000000, 0x0000000100000000)
  region size 1024K, 18 young (18432K), 14 survivors (14336K)
 Metaspace       used 115700K, committed 118144K, reserved 552960K
  class space    used 15505K, committed 16768K, reserved 421888K
}

