# JRE version: Java(TM) SE Runtime Environment (19.0+36) (build 19+36-2238)
# Java VM: Java HotSpot(TM) 64-Bit Server VM (19+36-2238, mixed mode, sharing, tiered, compressed oops, compressed class ptrs, g1 gc, windows-amd64)
GC Precious Log:
 CardTable entry size: 512
 Card Set container configuration: InlinePtr #cards 5 size 8 Array Of Cards #cards 12 size 40 Howl #buckets 4 coarsen threshold 1843 Howl Bitmap #cards 512 size 80 coarsen threshold 460 Card regions per heap region 1 cards per card region 2048
 CPUs: 12 total, 12 available
 Memory: 7863M
 Large Page Support: Disabled
 NUMA Support: Disabled
 Compressed Oops: Enabled (32-bit)
 Heap Region Size: 1M
 Heap Min Capacity: 8M
 Heap Initial Capacity: 124M
 Heap Max Capacity: 2G
 Pre-touch: Disabled
 Parallel Workers: 10
 Concurrent Workers: 3
 Concurrent Refinement Workers: 10
 Periodic GC: Disabled
Heap:
 garbage-first heap   total 406528K, used 252668K [0x0000000080000000, 0x0000000100000000)
  region size 1024K, 13 young (13312K), 13 survivors (13312K)
 Metaspace       used 118213K, committed 120576K, reserved 552960K
  class space    used 16070K, committed 17280K, reserved 421888K
GC Heap History (20 events):
Event: 30.053 GC heap after
{Heap after GC invocations=38 (full 0):
 garbage-first heap   total 234496K, used 178402K [0x0000000080000000, 0x0000000100000000)
  region size 1024K, 4 young (4096K), 4 survivors (4096K)
 Metaspace       used 104617K, committed 106880K, reserved 552960K
  class space    used 14064K, committed 15232K, reserved 421888K
}
Event: 30.225 GC heap before
{Heap before GC invocations=38 (full 0):
 garbage-first heap   total 234496K, used 210146K [0x0000000080000000, 0x0000000100000000)
  region size 1024K, 28 young (28672K), 4 survivors (4096K)
 Metaspace       used 104662K, committed 106880K, reserved 552960K
  class space    used 14065K, committed 15232K, reserved 421888K
}
Event: 30.230 GC heap after
{Heap after GC invocations=39 (full 0):
 garbage-first heap   total 234496K, used 180302K [0x0000000080000000, 0x0000000100000000)
  region size 1024K, 2 young (2048K), 2 survivors (2048K)
 Metaspace       used 104662K, committed 106880K, reserved 552960K
  class space    used 14065K, committed 15232K, reserved 421888K
}
Event: 30.490 GC heap before
{Heap before GC invocations=39 (full 0):
 garbage-first heap   total 234496K, used 206926K [0x0000000080000000, 0x0000000100000000)
  region size 1024K, 25 young (25600K), 2 survivors (2048K)
 Metaspace       used 104710K, committed 106944K, reserved 552960K
  class space    used 14065K, committed 15232K, reserved 421888K
}
Event: 30.494 GC heap after
{Heap after GC invocations=40 (full 0):
 garbage-first heap   total 281600K, used 182304K [0x0000000080000000, 0x0000000100000000)
  region size 1024K, 4 young (4096K), 4 survivors (4096K)
 Metaspace       used 104710K, committed 106944K, reserved 552960K
  class space    used 14065K, committed 15232K, reserved 421888K
}
Event: 31.282 GC heap before
{Heap before GC invocations=40 (full 0):
 garbage-first heap   total 281600K, used 241696K [0x0000000080000000, 0x0000000100000000)
  region size 1024K, 59 young (60416K), 4 survivors (4096K)
 Metaspace       used 105789K, committed 108032K, reserved 552960K
  class space    used 14201K, committed 15360K, reserved 421888K
}
Event: 31.287 GC heap after
{Heap after GC invocations=41 (full 0):
 garbage-first heap   total 281600K, used 187071K [0x0000000080000000, 0x0000000100000000)
  region size 1024K, 8 young (8192K), 8 survivors (8192K)
 Metaspace       used 105789K, committed 108032K, reserved 552960K
  class space    used 14201K, committed 15360K, reserved 421888K
}
Event: 31.958 GC heap before
{Heap before GC invocations=41 (full 0):
 garbage-first heap   total 281600K, used 242367K [0x0000000080000000, 0x0000000100000000)
  region size 1024K, 59 young (60416K), 8 survivors (8192K)
 Metaspace       used 109027K, committed 111360K, reserved 552960K
  class space    used 14625K, committed 15808K, reserved 421888K
}
Event: 31.968 GC heap after
{Heap after GC invocations=42 (full 0):
 garbage-first heap   total 281600K, used 192461K [0x0000000080000000, 0x0000000100000000)
  region size 1024K, 6 young (6144K), 6 survivors (6144K)
 Metaspace       used 109027K, committed 111360K, reserved 552960K
  class space    used 14625K, committed 15808K, reserved 421888K
}
Event: 32.240 GC heap before
{Heap before GC invocations=42 (full 0):
 garbage-first heap   total 281600K, used 240589K [0x0000000080000000, 0x0000000100000000)
  region size 1024K, 51 young (52224K), 6 survivors (6144K)
 Metaspace       used 109297K, committed 111616K, reserved 552960K
  class space    used 14665K, committed 15872K, reserved 421888K
}
Event: 32.247 GC heap after
{Heap after GC invocations=43 (full 0):
 garbage-first heap   total 281600K, used 195164K [0x0000000080000000, 0x0000000100000000)
  region size 1024K, 4 young (4096K), 4 survivors (4096K)
 Metaspace       used 109297K, committed 111616K, reserved 552960K
  class space    used 14665K, committed 15872K, reserved 421888K
}
Event: 32.449 GC heap before
{Heap before GC invocations=43 (full 0):
 garbage-first heap   total 406528K, used 244316K [0x0000000080000000, 0x0000000100000000)
  region size 1024K, 48 young (49152K), 4 survivors (4096K)
 Metaspace       used 109686K, committed 112000K, reserved 552960K
  class space    used 14730K, committed 15936K, reserved 421888K
}
Event: 32.456 GC heap after
{Heap after GC invocations=44 (full 0):
 garbage-first heap   total 406528K, used 202120K [0x0000000080000000, 0x0000000100000000)
  region size 1024K, 6 young (6144K), 6 survivors (6144K)
 Metaspace       used 109686K, committed 112000K, reserved 552960K
  class space    used 14730K, committed 15936K, reserved 421888K
}
Event: 33.180 GC heap before
{Heap before GC invocations=45 (full 0):
 garbage-first heap   total 406528K, used 329096K [0x0000000080000000, 0x0000000100000000)
  region size 1024K, 131 young (134144K), 6 survivors (6144K)
 Metaspace       used 113482K, committed 115840K, reserved 552960K
  class space    used 15287K, committed 16512K, reserved 421888K
}
Event: 33.223 GC heap after
{Heap after GC invocations=46 (full 0):
 garbage-first heap   total 406528K, used 229093K [0x0000000080000000, 0x0000000100000000)
  region size 1024K, 17 young (17408K), 17 survivors (17408K)
 Metaspace       used 113482K, committed 115840K, reserved 552960K
  class space    used 15287K, committed 16512K, reserved 421888K
}
Event: 33.232 GC heap before
{Heap before GC invocations=46 (full 0):
 garbage-first heap   total 406528K, used 231141K [0x0000000080000000, 0x0000000100000000)
  region size 1024K, 19 young (19456K), 17 survivors (17408K)
 Metaspace       used 113552K, committed 115904K, reserved 552960K
  class space    used 15289K, committed 16512K, reserved 421888K
}
Event: 33.245 GC heap after
{Heap after GC invocations=47 (full 0):
 garbage-first heap   total 406528K, used 218609K [0x0000000080000000, 0x0000000100000000)
  region size 1024K, 3 young (3072K), 3 survivors (3072K)
 Metaspace       used 113552K, committed 115904K, reserved 552960K
  class space    used 15289K, committed 16512K, reserved 421888K
}
Event: 33.977 GC heap before
{Heap before GC invocations=47 (full 0):
 garbage-first heap   total 406528K, used 323057K [0x0000000080000000, 0x0000000100000000)
  region size 1024K, 106 young (108544K), 3 survivors (3072K)
 Metaspace       used 116262K, committed 118592K, reserved 552960K
  class space    used 15707K, committed 16896K, reserved 421888K
}
Event: 34.007 GC heap after
{Heap after GC invocations=48 (full 0):
 garbage-first heap   total 406528K, used 237568K [0x0000000080000000, 0x0000000100000000)
  region size 1024K, 14 young (14336K), 14 survivors (14336K)
 Metaspace       used 116262K, committed 118592K, reserved 552960K
  class space    used 15707K, committed 16896K, reserved 421888K
}
Event: 34.288 GC heap before
{Heap before GC invocations=48 (full 0):
 garbage-first heap   total 406528K, used 327680K [0x0000000080000000, 0x0000000100000000)
  region size 1024K, 102 young (104448K), 14 survivors (14336K)
 Metaspace       used 118213K, committed 120576K, reserved 552960K
  class space    used 16070K, committed 17280K, reserved 421888K
}

