# JRE version: Java(TM) SE Runtime Environment (19.0+36) (build 19+36-2238)
# Java VM: Java HotSpot(TM) 64-Bit Server VM (19+36-2238, mixed mode, sharing, tiered, compressed oops, compressed class ptrs, g1 gc, windows-amd64)
GC Precious Log:
 CardTable entry size: 512
 Card Set container configuration: InlinePtr #cards 5 size 8 Array Of Cards #cards 12 size 40 Howl #buckets 4 coarsen threshold 1843 Howl Bitmap #cards 512 size 80 coarsen threshold 460 Card regions per heap region 1 cards per card region 2048
 CPUs: 12 total, 12 available
 Memory: 7863M
 Large Page Support: Disabled
 NUMA Support: Disabled
 Compressed Oops: Enabled (32-bit)
 Heap Region Size: 1M
 Heap Min Capacity: 8M
 Heap Initial Capacity: 124M
 Heap Max Capacity: 2G
 Pre-touch: Disabled
 Parallel Workers: 10
 Concurrent Workers: 3
 Concurrent Refinement Workers: 10
 Periodic GC: Disabled
Heap:
 garbage-first heap   total 309248K, used 229307K [0x0000000080000000, 0x0000000100000000)
  region size 1024K, 6 young (6144K), 6 survivors (6144K)
 Metaspace       used 118562K, committed 121024K, reserved 552960K
  class space    used 15915K, committed 17216K, reserved 421888K
GC Heap History (20 events):
Event: 33.276 GC heap after
{Heap after GC invocations=48 (full 0):
 garbage-first heap   total 273408K, used 174582K [0x0000000080000000, 0x0000000100000000)
  region size 1024K, 2 young (2048K), 2 survivors (2048K)
 Metaspace       used 104300K, committed 106560K, reserved 552960K
  class space    used 14079K, committed 15232K, reserved 421888K
}
Event: 34.163 GC heap before
{Heap before GC invocations=49 (full 0):
 garbage-first heap   total 309248K, used 224758K [0x0000000080000000, 0x0000000100000000)
  region size 1024K, 52 young (53248K), 2 survivors (2048K)
 Metaspace       used 104323K, committed 106560K, reserved 552960K
  class space    used 14080K, committed 15232K, reserved 421888K
}
Event: 34.168 GC heap after
{Heap after GC invocations=50 (full 0):
 garbage-first heap   total 309248K, used 176691K [0x0000000080000000, 0x0000000100000000)
  region size 1024K, 4 young (4096K), 4 survivors (4096K)
 Metaspace       used 104323K, committed 106560K, reserved 552960K
  class space    used 14080K, committed 15232K, reserved 421888K
}
Event: 34.448 GC heap before
{Heap before GC invocations=50 (full 0):
 garbage-first heap   total 309248K, used 192051K [0x0000000080000000, 0x0000000100000000)
  region size 1024K, 15 young (15360K), 4 survivors (4096K)
 Metaspace       used 104328K, committed 106560K, reserved 552960K
  class space    used 14080K, committed 15232K, reserved 421888K
}
Event: 34.456 GC heap after
{Heap after GC invocations=51 (full 0):
 garbage-first heap   total 309248K, used 164198K [0x0000000080000000, 0x0000000100000000)
  region size 1024K, 1 young (1024K), 1 survivors (1024K)
 Metaspace       used 104328K, committed 106560K, reserved 552960K
  class space    used 14080K, committed 15232K, reserved 421888K
}
Event: 35.257 GC heap before
{Heap before GC invocations=51 (full 0):
 garbage-first heap   total 309248K, used 274790K [0x0000000080000000, 0x0000000100000000)
  region size 1024K, 90 young (92160K), 1 survivors (1024K)
 Metaspace       used 104775K, committed 107072K, reserved 552960K
  class space    used 14112K, committed 15296K, reserved 421888K
}
Event: 35.265 GC heap after
{Heap after GC invocations=52 (full 0):
 garbage-first heap   total 309248K, used 169417K [0x0000000080000000, 0x0000000100000000)
  region size 1024K, 9 young (9216K), 9 survivors (9216K)
 Metaspace       used 104775K, committed 107072K, reserved 552960K
  class space    used 14112K, committed 15296K, reserved 421888K
}
Event: 36.594 GC heap before
{Heap before GC invocations=52 (full 0):
 garbage-first heap   total 309248K, used 252361K [0x0000000080000000, 0x0000000100000000)
  region size 1024K, 91 young (93184K), 9 survivors (9216K)
 Metaspace       used 109605K, committed 111936K, reserved 552960K
  class space    used 14690K, committed 15872K, reserved 421888K
}
Event: 36.614 GC heap after
{Heap after GC invocations=53 (full 0):
 garbage-first heap   total 309248K, used 179417K [0x0000000080000000, 0x0000000100000000)
  region size 1024K, 10 young (10240K), 10 survivors (10240K)
 Metaspace       used 109605K, committed 111936K, reserved 552960K
  class space    used 14690K, committed 15872K, reserved 421888K
}
Event: 37.423 GC heap before
{Heap before GC invocations=53 (full 0):
 garbage-first heap   total 309248K, used 276697K [0x0000000080000000, 0x0000000100000000)
  region size 1024K, 84 young (86016K), 10 survivors (10240K)
 Metaspace       used 111125K, committed 113536K, reserved 552960K
  class space    used 14905K, committed 16192K, reserved 421888K
}
Event: 37.440 GC heap after
{Heap after GC invocations=54 (full 0):
 garbage-first heap   total 309248K, used 186878K [0x0000000080000000, 0x0000000100000000)
  region size 1024K, 6 young (6144K), 6 survivors (6144K)
 Metaspace       used 111125K, committed 113536K, reserved 552960K
  class space    used 14905K, committed 16192K, reserved 421888K
}
Event: 37.778 GC heap before
{Heap before GC invocations=54 (full 0):
 garbage-first heap   total 309248K, used 257534K [0x0000000080000000, 0x0000000100000000)
  region size 1024K, 76 young (77824K), 6 survivors (6144K)
 Metaspace       used 111636K, committed 114112K, reserved 552960K
  class space    used 14975K, committed 16256K, reserved 421888K
}
Event: 37.797 GC heap after
{Heap after GC invocations=55 (full 0):
 garbage-first heap   total 309248K, used 199680K [0x0000000080000000, 0x0000000100000000)
  region size 1024K, 10 young (10240K), 10 survivors (10240K)
 Metaspace       used 111636K, committed 114112K, reserved 552960K
  class space    used 14975K, committed 16256K, reserved 421888K
}
Event: 38.069 GC heap before
{Heap before GC invocations=55 (full 0):
 garbage-first heap   total 309248K, used 256000K [0x0000000080000000, 0x0000000100000000)
  region size 1024K, 66 young (67584K), 10 survivors (10240K)
 Metaspace       used 112523K, committed 115008K, reserved 552960K
  class space    used 15084K, committed 16384K, reserved 421888K
}
Event: 38.079 GC heap after
{Heap after GC invocations=56 (full 0):
 garbage-first heap   total 309248K, used 212823K [0x0000000080000000, 0x0000000100000000)
  region size 1024K, 9 young (9216K), 9 survivors (9216K)
 Metaspace       used 112523K, committed 115008K, reserved 552960K
  class space    used 15084K, committed 16384K, reserved 421888K
}
Event: 38.871 GC heap before
{Heap before GC invocations=56 (full 0):
 garbage-first heap   total 309248K, used 255831K [0x0000000080000000, 0x0000000100000000)
  region size 1024K, 52 young (53248K), 9 survivors (9216K)
 Metaspace       used 115915K, committed 118336K, reserved 552960K
  class space    used 15558K, committed 16832K, reserved 421888K
}
Event: 38.878 GC heap after
{Heap after GC invocations=57 (full 0):
 garbage-first heap   total 309248K, used 215258K [0x0000000080000000, 0x0000000100000000)
  region size 1024K, 7 young (7168K), 7 survivors (7168K)
 Metaspace       used 115915K, committed 118336K, reserved 552960K
  class space    used 15558K, committed 16832K, reserved 421888K
}
Event: 39.195 GC heap before
{Heap before GC invocations=57 (full 0):
 garbage-first heap   total 309248K, used 257242K [0x0000000080000000, 0x0000000100000000)
  region size 1024K, 48 young (49152K), 7 survivors (7168K)
 Metaspace       used 116751K, committed 119232K, reserved 552960K
  class space    used 15687K, committed 16960K, reserved 421888K
}
Event: 39.206 GC heap after
{Heap after GC invocations=58 (full 0):
 garbage-first heap   total 309248K, used 222310K [0x0000000080000000, 0x0000000100000000)
  region size 1024K, 6 young (6144K), 6 survivors (6144K)
 Metaspace       used 116751K, committed 119232K, reserved 552960K
  class space    used 15687K, committed 16960K, reserved 421888K
}
Event: 39.524 GC heap before
{Heap before GC invocations=58 (full 0):
 garbage-first heap   total 309248K, used 258150K [0x0000000080000000, 0x0000000100000000)
  region size 1024K, 42 young (43008K), 6 survivors (6144K)
 Metaspace       used 118562K, committed 121024K, reserved 552960K
  class space    used 15915K, committed 17216K, reserved 421888K
}

